Arguments: 
  /usr/local/bin/node /usr/local/bin/yarn

PATH: 
  /home/linuxbrew/.linuxbrew/bin:/home/linuxbrew/.linuxbrew/sbin:/home/fxavier/.local/bin:/usr/local/sbin:/usr/local/bin:/usr/sbin:/usr/bin:/sbin:/bin:/usr/games:/usr/local/games:/snap/bin

Yarn version: 
  1.7.0

Node version: 
  8.11.3

Platform: 
  linux x64

Trace: 
  Error: https://registry.yarnpkg.com/concurrently: ETIMEDOUT
      at Timeout._onTimeout (/usr/local/lib/node_modules/yarn/lib/cli.js:135339:19)
      at ontimeout (timers.js:498:11)
      at tryOnTimeout (timers.js:323:5)
      at Timer.listOnTimeout (timers.js:290:5)

npm manifest: 
  {
  	"name": "pc-test1",
  	"version": "1.0.0",
  	"scripts": {
  		"start": "concurrently --kill-others \"npm run dev\" \"npm run sass\"",
  		"dev": "php -S 0.0.0.0:8000",
  		"sass": "sass --watch --trace src/widgets/sass"
  	},
  	"repository": {
  		"type": "git",
  		"url": "https://github.com/fxmontigny/pc-test1"
  	},
  	"devDependencies": {
  		"concurrently": "^3.4.0"
  	}
  }

yarn manifest: 
  No manifest

Lockfile: 
  No lockfile
